  kwiaciarnia.cpp
c:\users\dzidaz\desktop\kwiaciarnia\kwiaciarnia\db_klasa.h(14): warning C4018: '<': signed/unsigned mismatch
c:\users\dzidaz\desktop\kwiaciarnia\kwiaciarnia\admin.h(18): warning C4018: '<': signed/unsigned mismatch
c:\users\dzidaz\desktop\kwiaciarnia\kwiaciarnia\admin.h(28): warning C4018: '<': signed/unsigned mismatch
c:\users\dzidaz\desktop\kwiaciarnia\kwiaciarnia\admin.h(39): warning C4018: '<': signed/unsigned mismatch
c:\users\dzidaz\desktop\kwiaciarnia\kwiaciarnia\admin.h(50): warning C4018: '<': signed/unsigned mismatch
c:\users\dzidaz\desktop\kwiaciarnia\kwiaciarnia\admin.h(61): warning C4018: '<': signed/unsigned mismatch
c:\users\dzidaz\desktop\kwiaciarnia\kwiaciarnia\admin.h(71): warning C4018: '<': signed/unsigned mismatch
c:\users\dzidaz\desktop\kwiaciarnia\kwiaciarnia\admin.h(103): warning C4018: '<': signed/unsigned mismatch
c:\users\dzidaz\desktop\kwiaciarnia\kwiaciarnia\admin.h(102): warning C4101: 'ascii': unreferenced local variable
c:\users\dzidaz\desktop\kwiaciarnia\kwiaciarnia\admin.h(114): warning C4101: 'ostatnia': unreferenced local variable
c:\users\dzidaz\desktop\kwiaciarnia\kwiaciarnia\admin.h(113): warning C4101: 'poprawnosc': unreferenced local variable
c:\users\dzidaz\desktop\kwiaciarnia\kwiaciarnia\klient.h(35): warning C4018: '<': signed/unsigned mismatch
c:\users\dzidaz\desktop\kwiaciarnia\kwiaciarnia\klient.h(45): warning C4018: '<': signed/unsigned mismatch
c:\users\dzidaz\desktop\kwiaciarnia\kwiaciarnia\klient.h(56): warning C4018: '<': signed/unsigned mismatch
c:\users\dzidaz\desktop\kwiaciarnia\kwiaciarnia\klient.h(58): warning C4244: '+=': conversion from 'double' to 'int', possible loss of data
c:\users\dzidaz\desktop\kwiaciarnia\kwiaciarnia\klient.h(64): warning C4101: 'wybor': unreferenced local variable
c:\users\dzidaz\desktop\kwiaciarnia\kwiaciarnia\kwiaciarnia.cpp(28): warning C4018: '<': signed/unsigned mismatch
c:\users\dzidaz\desktop\kwiaciarnia\kwiaciarnia\kwiaciarnia.cpp(30): warning C4244: '+=': conversion from 'double' to 'int', possible loss of data
c:\users\dzidaz\desktop\kwiaciarnia\kwiaciarnia\kwiaciarnia.cpp(109): warning C4018: '<': signed/unsigned mismatch
c:\users\dzidaz\desktop\kwiaciarnia\kwiaciarnia\kwiaciarnia.cpp(121): warning C4018: '<': signed/unsigned mismatch
c:\users\dzidaz\desktop\kwiaciarnia\kwiaciarnia\kwiaciarnia.cpp(135): warning C4018: '<': signed/unsigned mismatch
c:\users\dzidaz\desktop\kwiaciarnia\kwiaciarnia\kwiaciarnia.cpp(143): warning C4018: '<': signed/unsigned mismatch
c:\users\dzidaz\desktop\kwiaciarnia\kwiaciarnia\kwiaciarnia.cpp(162): warning C4018: '<': signed/unsigned mismatch
c:\users\dzidaz\desktop\kwiaciarnia\kwiaciarnia\kwiaciarnia.cpp(177): warning C4018: '<': signed/unsigned mismatch
c:\users\dzidaz\desktop\kwiaciarnia\kwiaciarnia\kwiaciarnia.cpp(194): warning C4018: '<': signed/unsigned mismatch
c:\users\dzidaz\desktop\kwiaciarnia\kwiaciarnia\kwiaciarnia.cpp(208): warning C4018: '<': signed/unsigned mismatch
c:\users\dzidaz\desktop\kwiaciarnia\kwiaciarnia\kwiaciarnia.cpp(242): warning C4018: '<': signed/unsigned mismatch
c:\users\dzidaz\desktop\kwiaciarnia\kwiaciarnia\kwiaciarnia.cpp(265): warning C4101: 'znak': unreferenced local variable
  kwiaciarnia.vcxproj -> C:\Users\dzidaz\Desktop\kwiaciarnia\Debug\kwiaciarnia.exe
